#
# There is insufficient memory for the Java Runtime Environment to continue.
# Native memory allocation (malloc) failed to allocate 1406096 bytes. Error detail: Chunk::new
# Possible reasons:
#   The system is out of physical RAM or swap space
#   This process is running with CompressedOops enabled, and the Java Heap may be blocking the growth of the native heap
# Possible solutions:
#   Reduce memory load on the system
#   Increase physical memory or swap space
#   Check if swap backing store is full
#   Decrease Java heap size (-Xmx/-Xms)
#   Decrease number of Java threads
#   Decrease Java thread stack sizes (-Xss)
#   Set larger code cache with -XX:ReservedCodeCacheSize=
#   JVM is running with Unscaled Compressed Oops mode in which the Java heap is
#     placed in the first 4GB address space. The Java Heap base address is the
#     maximum limit for the native heap growth. Please use -XX:HeapBaseMinAddress
#     to set the Java Heap base and to place the Java Heap above 4GB virtual address.
# This output file may be truncated or incomplete.
#
#  Out of Memory Error (arena.cpp:162), pid=7720, tid=16372
#
# JRE version: OpenJDK Runtime Environment Zulu24.32+13-CA (24.0.2+12) (build 24.0.2+12)
# Java VM: OpenJDK 64-Bit Server VM Zulu24.32+13-CA (24.0.2+12, mixed mode, sharing, tiered, compressed oops, compressed class ptrs, g1 gc, windows-amd64)
# No core dump will be written. Minidumps are not enabled by default on client versions of Windows
#

---------------  S U M M A R Y ------------

Command Line: --enable-native-access=ALL-UNNAMED -Dclassworlds.conf=C:\Program Files\Apache NetBeans\java\maven\bin\m2.conf -Dmaven.home=C:\Program Files\Apache NetBeans\java\maven -Dlibrary.jansi.path=C:\Program Files\Apache NetBeans\java\maven\lib\jansi-native -Dmaven.multiModuleProjectDirectory=E:\SIBOV_IntelliJ\trabalho_sibov\SIBOV_IntelliJ\SIBOV org.codehaus.plexus.classworlds.launcher.Launcher -Dexec.vmArgs= -Dexec.args=${exec.vmArgs} -classpath %classpath ${exec.mainClass} ${exec.appArgs} -Dexec.executable=C:\Program Files\Apache NetBeans\jdk\bin\java.exe -Dexec.mainClass=viewAdm.VisaoAdmCadastroAtivo -Dexec.classpathScope=runtime -Dexec.appArgs= -Dmaven.ext.class.path=C:\Program Files\Apache NetBeans\java\maven-nblib\netbeans-eventspy.jar --no-transfer-progress process-classes org.codehaus.mojo:exec-maven-plugin:3.1.0:exec

Host: Intel(R) Core(TM) i3-5005U CPU @ 2.00GHz, 4 cores, 3G,  Windows 10 , 64 bit Build 19041 (10.0.19041.5915)
Time: Sun Nov  9 20:14:30 2025 Hora oficial do Brasil elapsed time: 1.270347 seconds (0d 0h 0m 1s)

---------------  T H R E A D  ---------------

Current thread (0x000001be0e127ce0):  JavaThread "C2 CompilerThread0" daemon [_thread_in_native, id=16372, stack(0x0000007f93a00000,0x0000007f93b00000) (1024K)]


Current CompileTask:
C2:1270  550       4       java.lang.StringLatin1::replace (197 bytes)

Stack: [0x0000007f93a00000,0x0000007f93b00000]
Native frames: (J=compiled Java code, j=interpreted, Vv=VM code, C=native code)
V  [jvm.dll+0x741329]  (no source info available)
V  [jvm.dll+0x97e243]  (no source info available)
V  [jvm.dll+0x98056d]  (no source info available)
V  [jvm.dll+0x980be3]  (no source info available)
V  [jvm.dll+0x2b5a76]  (no source info available)
V  [jvm.dll+0xd00af]  (no source info available)
V  [jvm.dll+0xd030f]  (no source info available)
V  [jvm.dll+0x15b85f]  (no source info available)
V  [jvm.dll+0x746bef]  (no source info available)
V  [jvm.dll+0x27a478]  (no source info available)
V  [jvm.dll+0x279591]  (no source info available)
V  [jvm.dll+0x1f30fa]  (no source info available)
V  [jvm.dll+0x288d95]  (no source info available)
V  [jvm.dll+0x28702a]  (no source info available)
V  [jvm.dll+0x43e016]  (no source info available)
V  [jvm.dll+0x920c78]  (no source info available)
V  [jvm.dll+0x73fab5]  (no source info available)
C  [ucrtbase.dll+0x21bb2]  (no source info available)
C  [KERNEL32.DLL+0x17374]  (no source info available)
C  [ntdll.dll+0x4cc91]  (no source info available)

Lock stack of current Java thread (top to bottom):


---------------  P R O C E S S  ---------------

Threads class SMR info:
_java_thread_list=0x000001be0e5db250, length=12, elements={
0x000001bdaf9a3f50, 0x000001be0e121f80, 0x000001be0e1229a0, 0x000001be0e1244e0,
0x000001be0e125010, 0x000001be0e125b40, 0x000001be0e126670, 0x000001be0e127ce0,
0x000001be0e16ab10, 0x000001be0e261830, 0x000001be0e269bc0, 0x000001be0ea2c330
}

Java Threads: ( => current thread )
  0x000001bdaf9a3f50 JavaThread "main"                              [_thread_in_vm, id=15188, stack(0x0000007f92c00000,0x0000007f92d00000) (1024K)]
  0x000001be0e121f80 JavaThread "Reference Handler"          daemon [_thread_blocked, id=13800, stack(0x0000007f93400000,0x0000007f93500000) (1024K)]
  0x000001be0e1229a0 JavaThread "Finalizer"                  daemon [_thread_blocked, id=18988, stack(0x0000007f93500000,0x0000007f93600000) (1024K)]
  0x000001be0e1244e0 JavaThread "Signal Dispatcher"          daemon [_thread_blocked, id=11036, stack(0x0000007f93600000,0x0000007f93700000) (1024K)]
  0x000001be0e125010 JavaThread "Attach Listener"            daemon [_thread_blocked, id=18796, stack(0x0000007f93700000,0x0000007f93800000) (1024K)]
  0x000001be0e125b40 JavaThread "Service Thread"             daemon [_thread_blocked, id=11220, stack(0x0000007f93800000,0x0000007f93900000) (1024K)]
  0x000001be0e126670 JavaThread "Monitor Deflation Thread"   daemon [_thread_blocked, id=10504, stack(0x0000007f93900000,0x0000007f93a00000) (1024K)]
=>0x000001be0e127ce0 JavaThread "C2 CompilerThread0"         daemon [_thread_in_native, id=16372, stack(0x0000007f93a00000,0x0000007f93b00000) (1024K)]
  0x000001be0e16ab10 JavaThread "C1 CompilerThread0"         daemon [_thread_blocked, id=9316, stack(0x0000007f93b00000,0x0000007f93c00000) (1024K)]
  0x000001be0e261830 JavaThread "Notification Thread"        daemon [_thread_blocked, id=1104, stack(0x0000007f93c00000,0x0000007f93d00000) (1024K)]
  0x000001be0e269bc0 JavaThread "Common-Cleaner"             daemon [_thread_blocked, id=17148, stack(0x0000007f93d00000,0x0000007f93e00000) (1024K)]
  0x000001be0ea2c330 JavaThread "cleanup"                    daemon [_thread_in_native, id=16116, stack(0x0000007f93e00000,0x0000007f93f00000) (1024K)]
Total: 12

Other Threads:
  0x000001bdb1d60920 VMThread "VM Thread"                           [id=14516, stack(0x0000007f93300000,0x0000007f93400000) (1024K)]
  0x000001bdb1d538b0 WatcherThread "VM Periodic Task Thread"        [id=3976, stack(0x0000007f93200000,0x0000007f93300000) (1024K)]
  0x000001bdb1cdd560 WorkerThread "GC Thread#0"                     [id=13160, stack(0x0000007f92d00000,0x0000007f92e00000) (1024K)]
  0x000001bdb1ce9780 ConcurrentGCThread "G1 Main Marker"            [id=20544, stack(0x0000007f92e00000,0x0000007f92f00000) (1024K)]
  0x000001bdb1cea940 WorkerThread "G1 Conc#0"                       [id=21300, stack(0x0000007f92f00000,0x0000007f93000000) (1024K)]
  0x000001bdb1d42e70 ConcurrentGCThread "G1 Refine#0"               [id=308, stack(0x0000007f93000000,0x0000007f93100000) (1024K)]
  0x000001bdb1d45810 ConcurrentGCThread "G1 Service"                [id=8124, stack(0x0000007f93100000,0x0000007f93200000) (1024K)]
Total: 7

Threads with active compile tasks:
C2 CompilerThread0  1764  550       4       java.lang.StringLatin1::replace (197 bytes)
Total: 1

VM state: not at safepoint (normal execution)

VM Mutex/Monitor currently owned by a thread: None

Heap address: 0x00000000c1200000, size: 1006 MB, Compressed Oops mode: 32-bit

CDS archive(s) mapped at: [0x000001bdcd000000-0x000001bdcdd40000-0x000001bdcdd40000), size 13893632, SharedBaseAddress: 0x000001bdcd000000, ArchiveRelocationMode: 1.
Compressed class space mapped at: 0x000001bdce000000-0x000001be0e000000, reserved size: 1073741824
UseCompressedClassPointers 1, UseCompactObjectHeaders 0
Narrow klass pointer bits 32, Max shift 3
Narrow klass base: 0x000001bdcd000000, Narrow klass shift: 0
Encoding Range: [0x000001bdcd000000 - 0x000001becd000000), (4294967296 bytes)
Klass Range:    [0x000001bdcd000000 - 0x000001be0e000000), (1090519040 bytes)
Klass ID Range:  [8 - 1090519033) (1090519025)

GC Precious Log:
 CardTable entry size: 512
 Card Set container configuration: InlinePtr #cards 5 size 8 Array Of Cards #cards 10 size 36 Howl #buckets 4 coarsen threshold 1843 Howl Bitmap #cards 512 size 80 coarsen threshold 460 Card regions per heap region 1 cards per card region 2048
 CPUs: 4 total, 4 available
 Memory: 4016M
 Large Page Support: Disabled
 NUMA Support: Disabled
 Compressed Oops: Enabled (32-bit)
 Heap Region Size: 1M
 Heap Min Capacity: 8M
 Heap Initial Capacity: 64M
 Heap Max Capacity: 1006M
 Pre-touch: Disabled
 Parallel Workers: 4
 Concurrent Workers: 1
 Concurrent Refinement Workers: 4
 Periodic GC: Disabled

Heap:
 garbage-first heap   total reserved 1030144K, committed 67584K, used 9328K [0x00000000c1200000, 0x0000000100000000)
  region size 1024K, 9 young (9216K), 0 survivors (0K)
 Metaspace       used 2430K, committed 2560K, reserved 1114112K
  class space    used 188K, committed 256K, reserved 1048576K

Heap Regions: E=young(eden), S=young(survivor), O=old, HS=humongous(starts), HC=humongous(continues), CS=collection set, F=free, TAMS=top-at-mark-start, PB=parsable bottom
|   0|0x00000000c1200000, 0x00000000c1200000, 0x00000000c1300000|  0%| F|  |TAMS 0x00000000c1200000| PB 0x00000000c1200000| Untracked |  0
|   1|0x00000000c1300000, 0x00000000c1300000, 0x00000000c1400000|  0%| F|  |TAMS 0x00000000c1300000| PB 0x00000000c1300000| Untracked |  0
|   2|0x00000000c1400000, 0x00000000c1400000, 0x00000000c1500000|  0%| F|  |TAMS 0x00000000c1400000| PB 0x00000000c1400000| Untracked |  0
|   3|0x00000000c1500000, 0x00000000c1500000, 0x00000000c1600000|  0%| F|  |TAMS 0x00000000c1500000| PB 0x00000000c1500000| Untracked |  0
|   4|0x00000000c1600000, 0x00000000c1600000, 0x00000000c1700000|  0%| F|  |TAMS 0x00000000c1600000| PB 0x00000000c1600000| Untracked |  0
|   5|0x00000000c1700000, 0x00000000c1700000, 0x00000000c1800000|  0%| F|  |TAMS 0x00000000c1700000| PB 0x00000000c1700000| Untracked |  0
|   6|0x00000000c1800000, 0x00000000c1800000, 0x00000000c1900000|  0%| F|  |TAMS 0x00000000c1800000| PB 0x00000000c1800000| Untracked |  0
|   7|0x00000000c1900000, 0x00000000c1900000, 0x00000000c1a00000|  0%| F|  |TAMS 0x00000000c1900000| PB 0x00000000c1900000| Untracked |  0
|   8|0x00000000c1a00000, 0x00000000c1a00000, 0x00000000c1b00000|  0%| F|  |TAMS 0x00000000c1a00000| PB 0x00000000c1a00000| Untracked |  0
|   9|0x00000000c1b00000, 0x00000000c1b00000, 0x00000000c1c00000|  0%| F|  |TAMS 0x00000000c1b00000| PB 0x00000000c1b00000| Untracked |  0
|  10|0x00000000c1c00000, 0x00000000c1c00000, 0x00000000c1d00000|  0%| F|  |TAMS 0x00000000c1c00000| PB 0x00000000c1c00000| Untracked |  0
|  11|0x00000000c1d00000, 0x00000000c1d00000, 0x00000000c1e00000|  0%| F|  |TAMS 0x00000000c1d00000| PB 0x00000000c1d00000| Untracked |  0
|  12|0x00000000c1e00000, 0x00000000c1e00000, 0x00000000c1f00000|  0%| F|  |TAMS 0x00000000c1e00000| PB 0x00000000c1e00000| Untracked |  0
|  13|0x00000000c1f00000, 0x00000000c1f00000, 0x00000000c2000000|  0%| F|  |TAMS 0x00000000c1f00000| PB 0x00000000c1f00000| Untracked |  0
|  14|0x00000000c2000000, 0x00000000c2000000, 0x00000000c2100000|  0%| F|  |TAMS 0x00000000c2000000| PB 0x00000000c2000000| Untracked |  0
|  15|0x00000000c2100000, 0x00000000c2100000, 0x00000000c2200000|  0%| F|  |TAMS 0x00000000c2100000| PB 0x00000000c2100000| Untracked |  0
|  16|0x00000000c2200000, 0x00000000c2200000, 0x00000000c2300000|  0%| F|  |TAMS 0x00000000c2200000| PB 0x00000000c2200000| Untracked |  0
|  17|0x00000000c2300000, 0x00000000c2300000, 0x00000000c2400000|  0%| F|  |TAMS 0x00000000c2300000| PB 0x00000000c2300000| Untracked |  0
|  18|0x00000000c2400000, 0x00000000c2400000, 0x00000000c2500000|  0%| F|  |TAMS 0x00000000c2400000| PB 0x00000000c2400000| Untracked |  0
|  19|0x00000000c2500000, 0x00000000c2500000, 0x00000000c2600000|  0%| F|  |TAMS 0x00000000c2500000| PB 0x00000000c2500000| Untracked |  0
|  20|0x00000000c2600000, 0x00000000c2600000, 0x00000000c2700000|  0%| F|  |TAMS 0x00000000c2600000| PB 0x00000000c2600000| Untracked |  0
|  21|0x00000000c2700000, 0x00000000c2700000, 0x00000000c2800000|  0%| F|  |TAMS 0x00000000c2700000| PB 0x00000000c2700000| Untracked |  0
|  22|0x00000000c2800000, 0x00000000c2800000, 0x00000000c2900000|  0%| F|  |TAMS 0x00000000c2800000| PB 0x00000000c2800000| Untracked |  0
|  23|0x00000000c2900000, 0x00000000c2900000, 0x00000000c2a00000|  0%| F|  |TAMS 0x00000000c2900000| PB 0x00000000c2900000| Untracked |  0
|  24|0x00000000c2a00000, 0x00000000c2a00000, 0x00000000c2b00000|  0%| F|  |TAMS 0x00000000c2a00000| PB 0x00000000c2a00000| Untracked |  0
|  25|0x00000000c2b00000, 0x00000000c2b00000, 0x00000000c2c00000|  0%| F|  |TAMS 0x00000000c2b00000| PB 0x00000000c2b00000| Untracked |  0
|  26|0x00000000c2c00000, 0x00000000c2c00000, 0x00000000c2d00000|  0%| F|  |TAMS 0x00000000c2c00000| PB 0x00000000c2c00000| Untracked |  0
|  27|0x00000000c2d00000, 0x00000000c2d00000, 0x00000000c2e00000|  0%| F|  |TAMS 0x00000000c2d00000| PB 0x00000000c2d00000| Untracked |  0
|  28|0x00000000c2e00000, 0x00000000c2e00000, 0x00000000c2f00000|  0%| F|  |TAMS 0x00000000c2e00000| PB 0x00000000c2e00000| Untracked |  0
|  29|0x00000000c2f00000, 0x00000000c2f00000, 0x00000000c3000000|  0%| F|  |TAMS 0x00000000c2f00000| PB 0x00000000c2f00000| Untracked |  0
|  30|0x00000000c3000000, 0x00000000c3000000, 0x00000000c3100000|  0%| F|  |TAMS 0x00000000c3000000| PB 0x00000000c3000000| Untracked |  0
|  31|0x00000000c3100000, 0x00000000c3100000, 0x00000000c3200000|  0%| F|  |TAMS 0x00000000c3100000| PB 0x00000000c3100000| Untracked |  0
|  32|0x00000000c3200000, 0x00000000c3200000, 0x00000000c3300000|  0%| F|  |TAMS 0x00000000c3200000| PB 0x00000000c3200000| Untracked |  0
|  33|0x00000000c3300000, 0x00000000c3300000, 0x00000000c3400000|  0%| F|  |TAMS 0x00000000c3300000| PB 0x00000000c3300000| Untracked |  0
|  34|0x00000000c3400000, 0x00000000c3400000, 0x00000000c3500000|  0%| F|  |TAMS 0x00000000c3400000| PB 0x00000000c3400000| Untracked |  0
|  35|0x00000000c3500000, 0x00000000c3500000, 0x00000000c3600000|  0%| F|  |TAMS 0x00000000c3500000| PB 0x00000000c3500000| Untracked |  0
|  36|0x00000000c3600000, 0x00000000c3600000, 0x00000000c3700000|  0%| F|  |TAMS 0x00000000c3600000| PB 0x00000000c3600000| Untracked |  0
|  37|0x00000000c3700000, 0x00000000c3700000, 0x00000000c3800000|  0%| F|  |TAMS 0x00000000c3700000| PB 0x00000000c3700000| Untracked |  0
|  38|0x00000000c3800000, 0x00000000c3800000, 0x00000000c3900000|  0%| F|  |TAMS 0x00000000c3800000| PB 0x00000000c3800000| Untracked |  0
|  39|0x00000000c3900000, 0x00000000c3900000, 0x00000000c3a00000|  0%| F|  |TAMS 0x00000000c3900000| PB 0x00000000c3900000| Untracked |  0
|  40|0x00000000c3a00000, 0x00000000c3a00000, 0x00000000c3b00000|  0%| F|  |TAMS 0x00000000c3a00000| PB 0x00000000c3a00000| Untracked |  0
|  41|0x00000000c3b00000, 0x00000000c3b00000, 0x00000000c3c00000|  0%| F|  |TAMS 0x00000000c3b00000| PB 0x00000000c3b00000| Untracked |  0
|  42|0x00000000c3c00000, 0x00000000c3c00000, 0x00000000c3d00000|  0%| F|  |TAMS 0x00000000c3c00000| PB 0x00000000c3c00000| Untracked |  0
|  43|0x00000000c3d00000, 0x00000000c3d00000, 0x00000000c3e00000|  0%| F|  |TAMS 0x00000000c3d00000| PB 0x00000000c3d00000| Untracked |  0
|  44|0x00000000c3e00000, 0x00000000c3e00000, 0x00000000c3f00000|  0%| F|  |TAMS 0x00000000c3e00000| PB 0x00000000c3e00000| Untracked |  0
|  45|0x00000000c3f00000, 0x00000000c3f00000, 0x00000000c4000000|  0%| F|  |TAMS 0x00000000c3f00000| PB 0x00000000c3f00000| Untracked |  0
|  46|0x00000000c4000000, 0x00000000c4000000, 0x00000000c4100000|  0%| F|  |TAMS 0x00000000c4000000| PB 0x00000000c4000000| Untracked |  0
|  47|0x00000000c4100000, 0x00000000c4100000, 0x00000000c4200000|  0%| F|  |TAMS 0x00000000c4100000| PB 0x00000000c4100000| Untracked |  0
|  48|0x00000000c4200000, 0x00000000c4200000, 0x00000000c4300000|  0%| F|  |TAMS 0x00000000c4200000| PB 0x00000000c4200000| Untracked |  0
|  49|0x00000000c4300000, 0x00000000c4300000, 0x00000000c4400000|  0%| F|  |TAMS 0x00000000c4300000| PB 0x00000000c4300000| Untracked |  0
|  50|0x00000000c4400000, 0x00000000c4400000, 0x00000000c4500000|  0%| F|  |TAMS 0x00000000c4400000| PB 0x00000000c4400000| Untracked |  0
|  51|0x00000000c4500000, 0x00000000c4500000, 0x00000000c4600000|  0%| F|  |TAMS 0x00000000c4500000| PB 0x00000000c4500000| Untracked |  0
|  52|0x00000000c4600000, 0x00000000c4600000, 0x00000000c4700000|  0%| F|  |TAMS 0x00000000c4600000| PB 0x00000000c4600000| Untracked |  0
|  53|0x00000000c4700000, 0x00000000c4700000, 0x00000000c4800000|  0%| F|  |TAMS 0x00000000c4700000| PB 0x00000000c4700000| Untracked |  0
|  54|0x00000000c4800000, 0x00000000c4800000, 0x00000000c4900000|  0%| F|  |TAMS 0x00000000c4800000| PB 0x00000000c4800000| Untracked |  0
|  55|0x00000000c4900000, 0x00000000c4980000, 0x00000000c4a00000| 50%| E|  |TAMS 0x00000000c4900000| PB 0x00000000c4900000| Complete |  0
|  56|0x00000000c4a00000, 0x00000000c4b00000, 0x00000000c4b00000|100%| E|CS|TAMS 0x00000000c4a00000| PB 0x00000000c4a00000| Complete |  0
|  57|0x00000000c4b00000, 0x00000000c4c00000, 0x00000000c4c00000|100%| E|CS|TAMS 0x00000000c4b00000| PB 0x00000000c4b00000| Complete |  0
|  58|0x00000000c4c00000, 0x00000000c4d00000, 0x00000000c4d00000|100%| E|CS|TAMS 0x00000000c4c00000| PB 0x00000000c4c00000| Complete |  0
|  59|0x00000000c4d00000, 0x00000000c4e00000, 0x00000000c4e00000|100%| E|CS|TAMS 0x00000000c4d00000| PB 0x00000000c4d00000| Complete |  0
|  60|0x00000000c4e00000, 0x00000000c4f00000, 0x00000000c4f00000|100%| E|CS|TAMS 0x00000000c4e00000| PB 0x00000000c4e00000| Complete |  0
|  61|0x00000000c4f00000, 0x00000000c5000000, 0x00000000c5000000|100%| E|CS|TAMS 0x00000000c4f00000| PB 0x00000000c4f00000| Complete |  0
|  62|0x00000000c5000000, 0x00000000c5100000, 0x00000000c5100000|100%| E|CS|TAMS 0x00000000c5000000| PB 0x00000000c5000000| Complete |  0
|  63|0x00000000c5100000, 0x00000000c5200000, 0x00000000c5200000|100%| E|CS|TAMS 0x00000000c5100000| PB 0x00000000c5100000| Complete |  0
|1004|0x00000000ffe00000, 0x00000000fff00000, 0x00000000fff00000|100%| O|  |TAMS 0x00000000ffe00000| PB 0x00000000ffe00000| Untracked |  0
|1005|0x00000000fff00000, 0x00000000fff1c318, 0x0000000100000000| 11%| O|  |TAMS 0x00000000fff00000| PB 0x00000000fff00000| Untracked |  0

Card table byte_map: [0x000001bdc99b0000,0x000001bdc9bb0000] _byte_map_base: 0x000001bdc93a7000

Marking Bits: (CMBitMap*) 0x000001bdb1cdef90
 Bits: [0x000001bdc9bb0000, 0x000001bdcab68000)

Polling page: 0x000001bdafad0000

Metaspace:

Usage:
  Non-class:      2.21 MB used.
      Class:    190.96 KB used.
       Both:      2.39 MB used.

Virtual space:
  Non-class space:       64.00 MB reserved,       2.31 MB (  4%) committed,  1 nodes.
      Class space:        1.00 GB reserved,     256.00 KB ( <1%) committed,  1 nodes.
             Both:        1.06 GB reserved,       2.56 MB ( <1%) committed. 

Chunk freelists:
   Non-Class:  11.02 MB
       Class:  15.64 MB
        Both:  26.66 MB

MaxMetaspaceSize: unlimited
CompressedClassSpaceSize: 1.00 GB
Initial GC threshold: 21.00 MB
Current GC threshold: 21.00 MB
CDS: on
 - commit_granule_bytes: 65536.
 - commit_granule_words: 8192.
 - virtual_space_node_default_size: 8388608.
 - enlarge_chunks_in_place: 1.
UseCompressedClassPointers 1, UseCompactObjectHeaders 0
Narrow klass pointer bits 32, Max shift 3
Narrow klass base: 0x000001bdcd000000, Narrow klass shift: 0
Encoding Range: [0x000001bdcd000000 - 0x000001becd000000), (4294967296 bytes)
Klass Range:    [0x000001bdcd000000 - 0x000001be0e000000), (1090519040 bytes)
Klass ID Range:  [8 - 1090519033) (1090519025)


Internal statistics:

num_allocs_failed_limit: 0.
num_arena_births: 38.
num_arena_deaths: 0.
num_vsnodes_births: 2.
num_vsnodes_deaths: 0.
num_space_committed: 41.
num_space_uncommitted: 0.
num_chunks_returned_to_freelist: 0.
num_chunks_taken_from_freelist: 103.
num_chunk_merges: 0.
num_chunk_splits: 59.
num_chunks_enlarged: 44.
num_inconsistent_stats: 0.

CodeHeap 'non-profiled nmethods': size=120064Kb used=182Kb max_used=182Kb free=119882Kb
 bounds [0x000001bdc2270000, 0x000001bdc24e0000, 0x000001bdc97b0000]
CodeHeap 'profiled nmethods': size=120000Kb used=932Kb max_used=932Kb free=119067Kb
 bounds [0x000001bdba7b0000, 0x000001bdbaa20000, 0x000001bdc1ce0000]
CodeHeap 'non-nmethods': size=5696Kb used=1246Kb max_used=1249Kb free=4450Kb
 bounds [0x000001bdc1ce0000, 0x000001bdc1f50000, 0x000001bdc2270000]
CodeCache: size=245760Kb, used=2360Kb, max_used=2363Kb, free=243399Kb
 total_blobs=1096, nmethods=687, adapters=314, full_count=0
Compilation: enabled, stopped_count=0, restarted_count=0

Compilation events (20 events):
Event: 1.228 Thread 0x000001be0e16ab10 nmethod 547 0x000001bdba863888 code [0x000001bdba8639c0, 0x000001bdba863c88]
Event: 1.228 Thread 0x000001be0e16ab10  548       3       java.nio.charset.CoderResult::isUnderflow (13 bytes)
Event: 1.228 Thread 0x000001be0e16ab10 nmethod 548 0x000001bdba863d08 code [0x000001bdba863e20, 0x000001bdba863f78]
Event: 1.228 Thread 0x000001be0e16ab10  549       3       java.nio.Buffer::flip (20 bytes)
Event: 1.228 Thread 0x000001be0e16ab10 nmethod 549 0x000001bdba864008 code [0x000001bdba864120, 0x000001bdba864240]
Event: 1.232 Thread 0x000001be0e127ce0  550       4       java.lang.StringLatin1::replace (197 bytes)
Event: 1.233 Thread 0x000001be0e16ab10  551       3       java.lang.String::indexOf (64 bytes)
Event: 1.234 Thread 0x000001be0e16ab10 nmethod 551 0x000001bdba864308 code [0x000001bdba864480, 0x000001bdba864a88]
Event: 1.234 Thread 0x000001be0e16ab10  552       3       java.lang.StringLatin1::indexOf (25 bytes)
Event: 1.235 Thread 0x000001be0e16ab10 nmethod 552 0x000001bdba864b08 code [0x000001bdba864c40, 0x000001bdba864e20]
Event: 1.239 Thread 0x000001be0e16ab10  553       3       java.lang.invoke.MethodType::checkPtypes (76 bytes)
Event: 1.240 Thread 0x000001be0e16ab10 nmethod 553 0x000001bdba864e88 code [0x000001bdba8650a0, 0x000001bdba865d90]
Event: 1.241 Thread 0x000001be0e16ab10  554   !   3       java.lang.invoke.MemberName::getMethodType (213 bytes)
Event: 1.242 Thread 0x000001be0e16ab10 nmethod 554 0x000001bdba865e08 code [0x000001bdba866000, 0x000001bdba867368]
Event: 1.243 Thread 0x000001be0e16ab10  555       1       java.lang.invoke.MethodHandle::type (5 bytes)
Event: 1.243 Thread 0x000001be0e16ab10 nmethod 555 0x000001bdc2297f88 code [0x000001bdc2298080, 0x000001bdc2298148]
Event: 1.255 Thread 0x000001be0e16ab10  558       3       java.lang.String::getBytes (60 bytes)
Event: 1.257 Thread 0x000001be0e16ab10 nmethod 558 0x000001bdba867408 code [0x000001bdba8675e0, 0x000001bdba867f98]
Event: 1.258 Thread 0x000001be0e16ab10  559       3       java.lang.Class::getPackageName (81 bytes)
Event: 1.260 Thread 0x000001be0e16ab10 nmethod 559 0x000001bdba868008 code [0x000001bdba868220, 0x000001bdba869310]

GC Heap History (0 events):
No events

Dll operation events (8 events):
Event: 0.020 Loaded shared library C:\Program Files\Apache NetBeans\jdk\bin\java.dll
Event: 0.131 Loaded shared library C:\Program Files\Apache NetBeans\jdk\bin\jsvml.dll
Event: 0.297 Loaded shared library C:\Program Files\Apache NetBeans\jdk\bin\net.dll
Event: 0.306 Loaded shared library C:\Program Files\Apache NetBeans\jdk\bin\nio.dll
Event: 0.321 Loaded shared library C:\Program Files\Apache NetBeans\jdk\bin\zip.dll
Event: 0.920 Loaded shared library C:\Program Files\Apache NetBeans\jdk\bin\jimage.dll
Event: 0.926 Loaded shared library C:\Program Files\Apache NetBeans\java\maven\lib\jansi-native\Windows\x86_64\jansi.dll
Event: 0.970 Loaded shared library C:\Program Files\Apache NetBeans\jdk\bin\verify.dll

Deoptimization events (20 events):
Event: 0.572 Thread 0x000001bdaf9a3f50 DEOPT PACKING pc=0x000001bdba7bf318 sp=0x0000007f92cfe8e0
Event: 0.572 Thread 0x000001bdaf9a3f50 DEOPT UNPACKING pc=0x000001bdc1d35722 sp=0x0000007f92cfdd50 mode 0
Event: 0.572 Thread 0x000001bdaf9a3f50 DEOPT PACKING pc=0x000001bdba7bf318 sp=0x0000007f92cfe8e0
Event: 0.572 Thread 0x000001bdaf9a3f50 DEOPT UNPACKING pc=0x000001bdc1d35722 sp=0x0000007f92cfdd50 mode 0
Event: 0.573 Thread 0x000001bdaf9a3f50 DEOPT PACKING pc=0x000001bdba7bf318 sp=0x0000007f92cfe8e0
Event: 0.573 Thread 0x000001bdaf9a3f50 DEOPT UNPACKING pc=0x000001bdc1d35722 sp=0x0000007f92cfdd50 mode 0
Event: 0.573 Thread 0x000001bdaf9a3f50 DEOPT PACKING pc=0x000001bdba7bf318 sp=0x0000007f92cfe8e0
Event: 0.573 Thread 0x000001bdaf9a3f50 DEOPT UNPACKING pc=0x000001bdc1d35722 sp=0x0000007f92cfdd50 mode 0
Event: 0.740 Thread 0x000001bdaf9a3f50 Uncommon trap: trap_request=0xffffff4d fr.pc=0x000001bdc227eda8 relative=0x0000000000000128
Event: 0.740 Thread 0x000001bdaf9a3f50 Uncommon trap: reason=unstable_if action=reinterpret pc=0x000001bdc227eda8 method=java.lang.StringCoding.countPositives([BII)I @ 17 c2
Event: 0.740 Thread 0x000001bdaf9a3f50 DEOPT PACKING pc=0x000001bdc227eda8 sp=0x0000007f92cfa710
Event: 0.740 Thread 0x000001bdaf9a3f50 DEOPT UNPACKING pc=0x000001bdc1d5e702 sp=0x0000007f92cfa698 mode 2
Event: 0.753 Thread 0x000001bdaf9a3f50 DEOPT PACKING pc=0x000001bdba7ef298 sp=0x0000007f92cfa910
Event: 0.753 Thread 0x000001bdaf9a3f50 DEOPT UNPACKING pc=0x000001bdc1d35722 sp=0x0000007f92cf9d80 mode 0
Event: 0.783 Thread 0x000001bdaf9a3f50 Uncommon trap: trap_request=0xffffff4d fr.pc=0x000001bdc2284b5c relative=0x000000000000005c
Event: 0.783 Thread 0x000001bdaf9a3f50 Uncommon trap: reason=unstable_if action=reinterpret pc=0x000001bdc2284b5c method=java.io.WinNTFileSystem.isSlash(C)Z @ 9 c2
Event: 0.783 Thread 0x000001bdaf9a3f50 DEOPT PACKING pc=0x000001bdc2284b5c sp=0x0000007f92cfe8d0
Event: 0.783 Thread 0x000001bdaf9a3f50 DEOPT UNPACKING pc=0x000001bdc1d5e702 sp=0x0000007f92cfe858 mode 2
Event: 1.154 Thread 0x000001bdaf9a3f50 DEOPT PACKING pc=0x000001bdba7ef298 sp=0x0000007f92cfd8a0
Event: 1.154 Thread 0x000001bdaf9a3f50 DEOPT UNPACKING pc=0x000001bdc1d35722 sp=0x0000007f92cfcd10 mode 0

Classes loaded (20 events):
Event: 1.106 Loading class java/util/concurrent/BlockingQueue done
Event: 1.107 Loading class java/util/AbstractQueue
Event: 1.108 Loading class java/util/AbstractQueue done
Event: 1.108 Loading class java/util/concurrent/LinkedBlockingQueue done
Event: 1.108 Loading class java/util/concurrent/locks/AbstractQueuedSynchronizer$ConditionObject
Event: 1.110 Loading class java/util/concurrent/locks/Condition
Event: 1.113 Loading class java/util/concurrent/locks/Condition done
Event: 1.113 Loading class java/util/concurrent/locks/AbstractQueuedSynchronizer$ConditionObject done
Event: 1.113 Loading class java/util/concurrent/LinkedBlockingQueue$Node
Event: 1.114 Loading class java/util/concurrent/LinkedBlockingQueue$Node done
Event: 1.127 Loading class java/net/URLClassLoader$1
Event: 1.128 Loading class java/net/URLClassLoader$1 done
Event: 1.151 Loading class java/util/LinkedHashMap$LinkedKeySet
Event: 1.152 Loading class java/util/LinkedHashMap$LinkedKeySet done
Event: 1.153 Loading class java/util/LinkedHashMap$LinkedKeyIterator
Event: 1.153 Loading class java/util/LinkedHashMap$LinkedKeyIterator done
Event: 1.192 Loading class jdk/internal/loader/URLClassPath$FileLoader$1
Event: 1.193 Loading class jdk/internal/loader/URLClassPath$FileLoader$1 done
Event: 1.209 Loading class java/lang/InstantiationException
Event: 1.210 Loading class java/lang/InstantiationException done

Classes unloaded (0 events):
No events

Classes redefined (0 events):
No events

Internal exceptions (20 events):
Event: 0.502 Thread 0x000001bdaf9a3f50 Exception <a 'java/lang/NoSuchMethodError'{0x00000000c4f3d2e8}: 'int java.lang.invoke.DirectMethodHandle$Holder.invokeSpecial(java.lang.Object, java.lang.Object, java.lang.Object)'> (0x00000000c4f3d2e8) 
thrown [s\src\hotspot\share\interpreter\linkResolver.cpp, line 805]
Event: 0.820 Thread 0x000001bdaf9a3f50 Exception <a 'java/lang/NoSuchMethodError'{0x00000000c4db2d58}: 'java.lang.Object java.lang.invoke.Invokers$Holder.invokeExact_MT(java.lang.Object, java.lang.Object, java.lang.Object, java.lang.Object, java.lang.Object)'> (0x00000000c4db2d58) 
thrown [s\src\hotspot\share\interpreter\linkResolver.cpp, line 805]
Event: 0.845 Thread 0x000001bdaf9a3f50 Exception <a 'java/lang/NoSuchMethodError'{0x00000000c4dde6b8}: 'java.lang.Object java.lang.invoke.DirectMethodHandle$Holder.invokeStaticInit(java.lang.Object)'> (0x00000000c4dde6b8) 
thrown [s\src\hotspot\share\interpreter\linkResolver.cpp, line 805]
Event: 0.900 Thread 0x000001bdaf9a3f50 Exception <a 'java/lang/NullPointerException'{0x00000000c4c124a0}> (0x00000000c4c124a0) 
thrown [s\src\hotspot\share\interpreter\linkResolver.cpp, line 1417]
Event: 0.938 Thread 0x000001bdaf9a3f50 Exception <a 'java/lang/NullPointerException'{0x00000000c4c30f88}> (0x00000000c4c30f88) 
thrown [s\src\hotspot\share\interpreter\linkResolver.cpp, line 1417]
Event: 0.938 Thread 0x000001bdaf9a3f50 Exception <a 'java/lang/NullPointerException'{0x00000000c4c31268}> (0x00000000c4c31268) 
thrown [s\src\hotspot\share\interpreter\linkResolver.cpp, line 1417]
Event: 0.938 Thread 0x000001bdaf9a3f50 Exception <a 'java/lang/NullPointerException'{0x00000000c4c31548}> (0x00000000c4c31548) 
thrown [s\src\hotspot\share\interpreter\linkResolver.cpp, line 1417]
Event: 0.941 Thread 0x000001bdaf9a3f50 Exception <a 'java/lang/NullPointerException'{0x00000000c4c35e80}> (0x00000000c4c35e80) 
thrown [s\src\hotspot\share\interpreter\linkResolver.cpp, line 1417]
Event: 0.947 Thread 0x000001bdaf9a3f50 Exception <a 'java/lang/NullPointerException'{0x00000000c4c477c0}> (0x00000000c4c477c0) 
thrown [s\src\hotspot\share\interpreter\linkResolver.cpp, line 1417]
Event: 0.947 Thread 0x000001bdaf9a3f50 Exception <a 'java/lang/NullPointerException'{0x00000000c4c47aa0}> (0x00000000c4c47aa0) 
thrown [s\src\hotspot\share\interpreter\linkResolver.cpp, line 1417]
Event: 0.947 Thread 0x000001bdaf9a3f50 Exception <a 'java/lang/NullPointerException'{0x00000000c4c47d80}> (0x00000000c4c47d80) 
thrown [s\src\hotspot\share\interpreter\linkResolver.cpp, line 1417]
Event: 0.947 Thread 0x000001bdaf9a3f50 Exception <a 'java/lang/NullPointerException'{0x00000000c4c48060}> (0x00000000c4c48060) 
thrown [s\src\hotspot\share\interpreter\linkResolver.cpp, line 1417]
Event: 0.962 Thread 0x000001bdaf9a3f50 Exception <a 'sun/nio/fs/WindowsException'{0x00000000c4c6abc8}> (0x00000000c4c6abc8) 
thrown [s\src\hotspot\share\prims\jni.cpp, line 518]
Event: 0.963 Thread 0x000001bdaf9a3f50 Exception <a 'sun/nio/fs/WindowsException'{0x00000000c4c6b238}> (0x00000000c4c6b238) 
thrown [s\src\hotspot\share\prims\jni.cpp, line 518]
Event: 0.963 Thread 0x000001bdaf9a3f50 Exception <a 'sun/nio/fs/WindowsException'{0x00000000c4c6b830}> (0x00000000c4c6b830) 
thrown [s\src\hotspot\share\prims\jni.cpp, line 518]
Event: 0.963 Thread 0x000001bdaf9a3f50 Exception <a 'sun/nio/fs/WindowsException'{0x00000000c4c6bd98}> (0x00000000c4c6bd98) 
thrown [s\src\hotspot\share\prims\jni.cpp, line 518]
Event: 0.963 Thread 0x000001bdaf9a3f50 Exception <a 'sun/nio/fs/WindowsException'{0x00000000c4c6c258}> (0x00000000c4c6c258) 
thrown [s\src\hotspot\share\prims\jni.cpp, line 518]
Event: 1.018 Thread 0x000001bdaf9a3f50 Exception <a 'java/lang/NoSuchMethodError'{0x00000000c4b2e020}: 'void java.lang.invoke.DirectMethodHandle$Holder.invokeStatic(java.lang.Object, java.lang.Object)'> (0x00000000c4b2e020) 
thrown [s\src\hotspot\share\interpreter\linkResolver.cpp, line 805]
Event: 1.020 Thread 0x000001bdaf9a3f50 Exception <a 'java/lang/NoSuchMethodError'{0x00000000c4b35d90}: 'void java.lang.invoke.DirectMethodHandle$Holder.invokeStaticInit(java.lang.Object, java.lang.Object)'> (0x00000000c4b35d90) 
thrown [s\src\hotspot\share\interpreter\linkResolver.cpp, line 805]
Event: 1.062 Thread 0x000001bdaf9a3f50 Exception <a 'java/lang/NoSuchMethodError'{0x00000000c4b7f0e0}: 'void java.lang.invoke.DirectMethodHandle$Holder.invokeStatic(java.lang.Object, java.lang.Object, java.lang.Object)'> (0x00000000c4b7f0e0) 
thrown [s\src\hotspot\share\interpreter\linkResolver.cpp, line 805]

VM Operations (6 events):
Event: 0.326 Executing VM operation: HandshakeAllThreads (Deoptimize)
Event: 0.326 Executing VM operation: HandshakeAllThreads (Deoptimize) done
Event: 0.885 Executing VM operation: HandshakeAllThreads (Deoptimize)
Event: 0.885 Executing VM operation: HandshakeAllThreads (Deoptimize) done
Event: 0.960 Executing VM operation: HandshakeAllThreads (Deoptimize)
Event: 0.960 Executing VM operation: HandshakeAllThreads (Deoptimize) done

Memory protections (0 events):
No events

Nmethod flushes (0 events):
No events

Events (12 events):
Event: 0.065 Thread 0x000001bdaf9a3f50 Thread added: 0x000001bdaf9a3f50
Event: 0.108 Thread 0x000001bdaf9a3f50 Thread added: 0x000001be0e121f80
Event: 0.108 Thread 0x000001bdaf9a3f50 Thread added: 0x000001be0e1229a0
Event: 0.110 Thread 0x000001bdaf9a3f50 Thread added: 0x000001be0e1244e0
Event: 0.110 Thread 0x000001bdaf9a3f50 Thread added: 0x000001be0e125010
Event: 0.110 Thread 0x000001bdaf9a3f50 Thread added: 0x000001be0e125b40
Event: 0.110 Thread 0x000001bdaf9a3f50 Thread added: 0x000001be0e126670
Event: 0.110 Thread 0x000001bdaf9a3f50 Thread added: 0x000001be0e127ce0
Event: 0.134 Thread 0x000001bdaf9a3f50 Thread added: 0x000001be0e16ab10
Event: 0.274 Thread 0x000001bdaf9a3f50 Thread added: 0x000001be0e261830
Event: 0.282 Thread 0x000001bdaf9a3f50 Thread added: 0x000001be0e269bc0
Event: 0.912 Thread 0x000001bdaf9a3f50 Thread added: 0x000001be0ea2c330


Dynamic libraries:
0x00007ff60fb10000 - 0x00007ff60fb1e000 	C:\Program Files\Apache NetBeans\jdk\bin\java.exe
0x00007ffc254b0000 - 0x00007ffc256a8000 	C:\Windows\SYSTEM32\ntdll.dll
0x00007ffc23930000 - 0x00007ffc239f2000 	C:\Windows\System32\KERNEL32.DLL
0x00007ffc22d10000 - 0x00007ffc23006000 	C:\Windows\System32\KERNELBASE.dll
0x00007ffc22c10000 - 0x00007ffc22d10000 	C:\Windows\System32\ucrtbase.dll
0x00007ffc1c790000 - 0x00007ffc1c7ae000 	C:\Program Files\Apache NetBeans\jdk\bin\VCRUNTIME140.dll
0x00007ffc1b0b0000 - 0x00007ffc1b0c6000 	C:\Program Files\Apache NetBeans\jdk\bin\jli.dll
0x00007ffc13f00000 - 0x00007ffc1419b000 	C:\Windows\WinSxS\amd64_microsoft.windows.common-controls_6595b64144ccf1df_6.0.19041.6456_none_60b8a6cb71f64256\COMCTL32.dll
0x00007ffc241d0000 - 0x00007ffc24371000 	C:\Windows\System32\USER32.dll
0x00007ffc23890000 - 0x00007ffc2392e000 	C:\Windows\System32\msvcrt.dll
0x00007ffc23860000 - 0x00007ffc2388b000 	C:\Windows\System32\GDI32.dll
0x00007ffc23380000 - 0x00007ffc233a2000 	C:\Windows\System32\win32u.dll
0x00007ffc233b0000 - 0x00007ffc234c9000 	C:\Windows\System32\gdi32full.dll
0x00007ffc22b70000 - 0x00007ffc22c0d000 	C:\Windows\System32\msvcp_win.dll
0x00007ffc248d0000 - 0x00007ffc248ff000 	C:\Windows\System32\IMM32.DLL
0x00007ffc1d430000 - 0x00007ffc1d43c000 	C:\Program Files\Apache NetBeans\jdk\bin\vcruntime140_1.dll
0x00007ffbfebb0000 - 0x00007ffbfec3d000 	C:\Program Files\Apache NetBeans\jdk\bin\msvcp140.dll
0x00007ffbe23c0000 - 0x00007ffbe323c000 	C:\Program Files\Apache NetBeans\jdk\bin\server\jvm.dll
0x00007ffc24380000 - 0x00007ffc24431000 	C:\Windows\System32\ADVAPI32.dll
0x00007ffc24830000 - 0x00007ffc248cf000 	C:\Windows\System32\sechost.dll
0x00007ffc251b0000 - 0x00007ffc252d0000 	C:\Windows\System32\RPCRT4.dll
0x00007ffc22b40000 - 0x00007ffc22b67000 	C:\Windows\System32\bcrypt.dll
0x00007ffc24b60000 - 0x00007ffc24bcb000 	C:\Windows\System32\WS2_32.dll
0x00007ffc22080000 - 0x00007ffc220cb000 	C:\Windows\SYSTEM32\POWRPROF.dll
0x00007ffc13530000 - 0x00007ffc13557000 	C:\Windows\SYSTEM32\WINMM.dll
0x00007ffc15c30000 - 0x00007ffc15c3a000 	C:\Windows\SYSTEM32\VERSION.dll
0x00007ffc21f40000 - 0x00007ffc21f52000 	C:\Windows\SYSTEM32\UMPDC.dll
0x00007ffc209b0000 - 0x00007ffc209c2000 	C:\Windows\SYSTEM32\kernel.appcore.dll
0x00007ffc1d190000 - 0x00007ffc1d19a000 	C:\Program Files\Apache NetBeans\jdk\bin\jimage.dll
0x00007ffc14240000 - 0x00007ffc14441000 	C:\Windows\SYSTEM32\DBGHELP.DLL
0x00007ffc13ec0000 - 0x00007ffc13ef4000 	C:\Windows\SYSTEM32\dbgcore.DLL
0x00007ffc23140000 - 0x00007ffc231c2000 	C:\Windows\System32\bcryptPrimitives.dll
0x00007ffc1b220000 - 0x00007ffc1b23e000 	C:\Program Files\Apache NetBeans\jdk\bin\java.dll
0x00007ffc252d0000 - 0x00007ffc253fb000 	C:\Windows\System32\ole32.dll
0x00007ffc24450000 - 0x00007ffc247a4000 	C:\Windows\System32\combase.dll
0x00007ffc23a60000 - 0x00007ffc241d0000 	C:\Windows\System32\SHELL32.dll
0x00007ffc20bb0000 - 0x00007ffc21355000 	C:\Windows\SYSTEM32\windows.storage.dll
0x00007ffc22570000 - 0x00007ffc2259b000 	C:\Windows\SYSTEM32\Wldp.dll
0x00007ffc234d0000 - 0x00007ffc2359d000 	C:\Windows\System32\OLEAUT32.dll
0x00007ffc24c90000 - 0x00007ffc24d3d000 	C:\Windows\System32\SHCORE.dll
0x00007ffc25400000 - 0x00007ffc2545b000 	C:\Windows\System32\shlwapi.dll
0x00007ffc22a70000 - 0x00007ffc22a94000 	C:\Windows\SYSTEM32\profapi.dll
0x00007ffbfa560000 - 0x00007ffbfa637000 	C:\Program Files\Apache NetBeans\jdk\bin\jsvml.dll
0x00007ffc1c5c0000 - 0x00007ffc1c5d0000 	C:\Program Files\Apache NetBeans\jdk\bin\net.dll
0x00007ffc222d0000 - 0x00007ffc2233a000 	C:\Windows\system32\mswsock.dll
0x00007ffc115e0000 - 0x00007ffc115f6000 	C:\Program Files\Apache NetBeans\jdk\bin\nio.dll
0x00007ffc11b20000 - 0x00007ffc11b37000 	C:\Program Files\Apache NetBeans\jdk\bin\zip.dll
0x00007ffc116d0000 - 0x00007ffc116f4000 	C:\Program Files\Apache NetBeans\java\maven\lib\jansi-native\Windows\x86_64\jansi.dll
0x00007ffc116a0000 - 0x00007ffc116b0000 	C:\Program Files\Apache NetBeans\jdk\bin\verify.dll

JVMTI agents: none

dbghelp: loaded successfully - version: 4.0.5 - missing functions: none
symbol engine: initialized successfully - sym options: 0x614 - pdb path: .;C:\Program Files\Apache NetBeans\jdk\bin;C:\Windows\SYSTEM32;C:\Windows\WinSxS\amd64_microsoft.windows.common-controls_6595b64144ccf1df_6.0.19041.6456_none_60b8a6cb71f64256;C:\Program Files\Apache NetBeans\jdk\bin\server;C:\Program Files\Apache NetBeans\java\maven\lib\jansi-native\Windows\x86_64

VM Arguments:
jvm_args: --enable-native-access=ALL-UNNAMED -Dclassworlds.conf=C:\Program Files\Apache NetBeans\java\maven\bin\m2.conf -Dmaven.home=C:\Program Files\Apache NetBeans\java\maven -Dlibrary.jansi.path=C:\Program Files\Apache NetBeans\java\maven\lib\jansi-native -Dmaven.multiModuleProjectDirectory=E:\SIBOV_IntelliJ\trabalho_sibov\SIBOV_IntelliJ\SIBOV 
java_command: org.codehaus.plexus.classworlds.launcher.Launcher -Dexec.vmArgs= -Dexec.args=${exec.vmArgs} -classpath %classpath ${exec.mainClass} ${exec.appArgs} -Dexec.executable=C:\Program Files\Apache NetBeans\jdk\bin\java.exe -Dexec.mainClass=viewAdm.VisaoAdmCadastroAtivo -Dexec.classpathScope=runtime -Dexec.appArgs= -Dmaven.ext.class.path=C:\Program Files\Apache NetBeans\java\maven-nblib\netbeans-eventspy.jar --no-transfer-progress process-classes org.codehaus.mojo:exec-maven-plugin:3.1.0:exec
java_class_path (initial): C:\Program Files\Apache NetBeans\java\maven\boot\plexus-classworlds-2.9.0.jar
Launcher Type: SUN_STANDARD

[Global flags]
     intx CICompilerCount                          = 3                                         {product} {ergonomic}
     uint ConcGCThreads                            = 1                                         {product} {ergonomic}
     uint G1ConcRefinementThreads                  = 4                                         {product} {ergonomic}
   size_t G1HeapRegionSize                         = 1048576                                   {product} {ergonomic}
   size_t InitialHeapSize                          = 67108864                                  {product} {ergonomic}
   size_t MarkStackSize                            = 4194304                                   {product} {ergonomic}
   size_t MarkStackSizeMax                         = 536870912                                 {product} {ergonomic}
   size_t MaxHeapSize                              = 1054867456                                {product} {ergonomic}
   size_t MaxNewSize                               = 632291328                                 {product} {ergonomic}
   size_t MinHeapDeltaBytes                        = 1048576                                   {product} {ergonomic}
   size_t MinHeapSize                              = 8388608                                   {product} {ergonomic}
    uintx NonNMethodCodeHeapSize                   = 5832704                                {pd product} {ergonomic}
    uintx NonProfiledCodeHeapSize                  = 122945536                              {pd product} {ergonomic}
    uintx ProfiledCodeHeapSize                     = 122880000                              {pd product} {ergonomic}
    uintx ReservedCodeCacheSize                    = 251658240                              {pd product} {ergonomic}
     bool SegmentedCodeCache                       = true                                      {product} {ergonomic}
   size_t SoftMaxHeapSize                          = 1054867456                             {manageable} {ergonomic}
     bool UseCompressedOops                        = true                           {product lp64_product} {ergonomic}
     bool UseG1GC                                  = true                                      {product} {ergonomic}
     bool UseLargePagesIndividualAllocation        = false                                  {pd product} {ergonomic}

Logging:
Log output configuration:
 #0: stdout all=warning uptime,level,tags foldmultilines=false
 #1: stderr all=off uptime,level,tags foldmultilines=false

Environment Variables:
JAVA_HOME=C:\Program Files\Apache NetBeans\jdk
PATH=C:\Program Files\Common Files\Oracle\Java\javapath;C:\Program Files (x86)\Common Files\Oracle\Java\java8path;C:\Program Files (x86)\Common Files\Oracle\Java\javapath;C:\Program Files\OpenJDK\jre-8.0.362.09-hotspot\bin;C:\Program Files\OpenJDK\jdk-8.0.362.09-hotspot\bin;C:\Program Files\Zulu\zulu-19\bin\;C:\Windows\system32;C:\Windows;C:\Windows\System32\Wbem;C:\Windows\System32\WindowsPowerShell\v1.0\;C:\Windows\System32\OpenSSH\;C:\Program Files\Kubernetes\Minikube;C:\Program Files\IcedTeaWeb\WebStart\bin;C:\Program Files\Microsoft SQL Server\150\Tools\Binn\;C:\Program Files\dotnet\;C:\Program Files\Microsoft SQL Server\Client SDK\ODBC\170\Tools\Binn\;C:\Program Files\Git\cmd;c:\Program Files\Java\jdk-24\bin;C:\Users\mathe\AppData\Local\Programs\Python\Python312\Scripts\;C:\Users\mathe\AppData\Local\Programs\Python\Python312\;C:\Users\mathe\AppData\Local\Microsoft\WindowsApps;C:\kubectl;C:\Users\mathe\AppData\Local\Programs\Microsoft VS Code\bin;C:\Users\mathe\.dotnet\tools;C:\Program Files\JetBrains\JetBrains Rider 2024.3.6\bin;
USERNAME=mathe
OS=Windows_NT
PROCESSOR_IDENTIFIER=Intel64 Family 6 Model 61 Stepping 4, GenuineIntel
TMP=C:\Users\mathe\AppData\Local\Temp
TEMP=C:\Users\mathe\AppData\Local\Temp




Periodic native trim disabled

---------------  S Y S T E M  ---------------

OS:
 Windows 10 , 64 bit Build 19041 (10.0.19041.5915)
OS uptime: 23 days 6:37 hours

CPU: total 4 (initial active 4) (2 cores per cpu, 2 threads per core) family 6 model 61 stepping 4 microcode 0x2d, cx8, cmov, fxsr, ht, mmx, 3dnowpref, sse, sse2, sse3, ssse3, sse4.1, sse4.2, popcnt, lzcnt, tsc, tscinvbit, avx, avx2, aes, erms, clmul, bmi1, bmi2, adx, fma, vzeroupper, clflush, rdtscp, f16c
Processor Information for the first 4 processors :
  Max Mhz: 2000, Current Mhz: 2000, Mhz Limit: 2000

Memory: 4k page, system-wide physical 4016M (275M free)
TotalPageFile size 16304M (AvailPageFile size 0M)
current process WorkingSet (physical memory assigned to process): 56M, peak: 56M
current process commit charge ("private bytes"): 149M, peak: 149M

vm_info: OpenJDK 64-Bit Server VM (24.0.2+12) for windows-amd64 JRE (24.0.2+12) (Zulu24.32+13-CA), built on 2025-07-11T12:45:44Z with MS VC++ 17.1 (VS2022)

END.
